Two tasks to fix. Let me read the relevant files first.
I'll handle Task 2 (the guard fix) right away, then tackle the Vercel deploy.
Now let me verify none of the old guard patterns remain at those three locations:
All 3 guard instances updated. Now for Task 1 — the Vercel deploy.
The CLI is not authenticated. I need to run `vercel login` — this opens a browser prompt for authentication.
The Vercel CLI is waiting for you to authenticate in the browser. Please:

1. Open this URL in your browser: **https://vercel.com/oauth/device?user_code=JDPT-LGSG**
2. Log in to your Vercel account and approve the device code
3. Let me know when you've completed the authentication
The task completed. Let me verify authentication succeeded:
Authentication didn't take — `whoami` still fails. Let me try the login again. When it shows the device code URL, please visit it in your browser and approve:
Please visit this URL in your browser to authenticate:

**https://vercel.com/oauth/device?user_code=ZRND-LRPX**

Log in to your Vercel account and approve the device. Once you confirm in the browser, the CLI will complete authentication and I can proceed with the deploy.
The Vercel CLI interactive login isn't working in my automated session (stdin is closed, so the process exits before authentication can complete). 

There are two good options for the deploy:

**Option A — Run in your terminal:** Open a terminal in the project directory and run:
```bash
npx vercel login   # authenticate via browser
npx vercel --prod  # deploy
```
Then paste the production URL here and I'll update `README.md`.

**Option B — Use a Vercel token:** If you have a Vercel personal access token (from https://vercel.com/account/tokens), share it and I can run `npx vercel --prod --token YOUR_TOKEN` directly.

Which do you prefer?
